SF:lib/login_screen_new.dart
DA:10,1
DA:13,1
DA:14,1
DA:23,1
DA:25,1
DA:28,1
DA:30,1
DA:31,1
DA:32,1
DA:34,1
DA:35,1
DA:36,1
DA:38,1
DA:40,1
DA:42,1
DA:45,4
DA:48,1
DA:50,1
DA:53,4
DA:56,1
DA:58,1
DA:59,1
DA:60,1
DA:61,3
DA:62,2
DA:63,1
DA:67,2
DA:68,2
DA:70,2
DA:71,1
DA:73,1
DA:74,2
DA:75,2
DA:79,1
DA:80,1
DA:93,0
DA:94,0
DA:97,0
DA:98,0
DA:108,0
DA:110,0
DA:111,0
DA:112,0
DA:113,0
DA:117,0
DA:119,0
DA:120,0
DA:124,0
DA:126,0
DA:128,0
DA:132,0
DA:137,0
DA:140,0
DA:143,0
DA:146,0
DA:152,0
DA:157,0
DA:160,0
LF:58
LH:35
end_of_record
